<?xml version="1.0" encoding="UTF-8"?>
<!-- Generated by org.testng.reporters.JUnitReportReporter -->
<testsuite hostname="den" name="mvc.dao.ToDoDaoImplTest" tests="6" failures="0" timestamp="22 Nov 2016 12:55:25 GMT" time="2.426" errors="0">
  <testcase name="findToDoById" time="0.092" classname="mvc.dao.ToDoDaoImplTest"/>
  <testcase name="deleteToDoByInvalidId" time="0.849" classname="mvc.dao.ToDoDaoImplTest"/>
  <testcase name="findAllToDos" time="0.031" classname="mvc.dao.ToDoDaoImplTest"/>
  <testcase name="saveToDo" time="0.053" classname="mvc.dao.ToDoDaoImplTest"/>
  <testcase name="deleteToDoBySsn" time="0.019" classname="mvc.dao.ToDoDaoImplTest"/>
  <testcase name="findById" time="1.382" classname="mvc.dao.ToDoDaoImplTest"/>
</testsuite> <!-- mvc.dao.ToDoDaoImplTest -->
