<?xml version="1.0" encoding="UTF-8"?>
<!-- Generated by org.testng.reporters.JUnitReportReporter -->
<testsuite hostname="den" name="mvc.controller.AppControllerTest" tests="8" failures="0" timestamp="22 Nov 2016 12:55:25 GMT" time="0.200" errors="0">
  <testcase name="saveToDoWithSuccess" time="0.000" classname="mvc.controller.AppControllerTest"/>
  <testcase name="newToDo" time="0.000" classname="mvc.controller.AppControllerTest"/>
  <testcase name="saveToDoWithValidationError" time="0.001" classname="mvc.controller.AppControllerTest"/>
  <testcase name="updateToDoWithSuccess" time="0.001" classname="mvc.controller.AppControllerTest"/>
  <testcase name="listToDos" time="0.009" classname="mvc.controller.AppControllerTest"/>
  <testcase name="deleteToDo" time="0.161" classname="mvc.controller.AppControllerTest"/>
  <testcase name="updateToDoWithValidationError" time="0.000" classname="mvc.controller.AppControllerTest"/>
  <testcase name="editToDo" time="0.028" classname="mvc.controller.AppControllerTest"/>
</testsuite> <!-- mvc.controller.AppControllerTest -->
