<?xml version="1.0" encoding="UTF-8"?>
<!-- Generated by org.testng.reporters.JUnitReportReporter -->
<testsuite hostname="den" name="mvc.service.ToDoServiceImplTest" tests="7" failures="0" timestamp="22 Nov 2016 12:55:25 GMT" time="0.000" errors="0">
  <testcase name="findToDoBySsn" time="0.000" classname="mvc.service.ToDoServiceImplTest"/>
  <testcase name="saveToDo" time="0.000" classname="mvc.service.ToDoServiceImplTest"/>
  <testcase name="findById" time="0.000" classname="mvc.service.ToDoServiceImplTest"/>
  <testcase name="findAllToDos" time="0.000" classname="mvc.service.ToDoServiceImplTest"/>
  <testcase name="isToDoSsnUnique" time="0.000" classname="mvc.service.ToDoServiceImplTest"/>
  <testcase name="updateToDo" time="0.000" classname="mvc.service.ToDoServiceImplTest"/>
  <testcase name="deleteToDoBySsn" time="0.000" classname="mvc.service.ToDoServiceImplTest"/>
</testsuite> <!-- mvc.service.ToDoServiceImplTest -->
